{"/home/bromero/codefellows/401/CFPS/apps/vendor.js": {"path":"/home/bromero/codefellows/401/CFPS/apps/vendor.js","statementMap":{"0":{"start":{"line":4,"column":16},"end":{"line":4,"column":40}},"1":{"start":{"line":5,"column":14},"end":{"line":5,"column":30}},"2":{"start":{"line":6,"column":0},"end":{"line":6,"column":27}},"3":{"start":{"line":8,"column":14},"end":{"line":8,"column":35}},"4":{"start":{"line":9,"column":14},"end":{"line":9,"column":20}},"5":{"start":{"line":10,"column":19},"end":{"line":10,"column":40}},"6":{"start":{"line":11,"column":14},"end":{"line":11,"column":43}},"7":{"start":{"line":13,"column":13},"end":{"line":18,"column":1}},"8":{"start":{"line":20,"column":0},"end":{"line":20,"column":25}},"9":{"start":{"line":23,"column":2},"end":{"line":23,"column":32}},"10":{"start":{"line":26,"column":0},"end":{"line":26,"column":57}},"11":{"start":{"line":26,"column":35},"end":{"line":26,"column":55}},"12":{"start":{"line":29,"column":2},"end":{"line":29,"column":69}},"13":{"start":{"line":32,"column":0},"end":{"line":32,"column":38}}},"fnMap":{"0":{"name":"start","decl":{"start":{"line":22,"column":9},"end":{"line":22,"column":14}},"loc":{"start":{"line":22,"column":16},"end":{"line":24,"column":1}},"line":22},"1":{"name":"(anonymous_1)","decl":{"start":{"line":26,"column":24},"end":{"line":26,"column":25}},"loc":{"start":{"line":26,"column":35},"end":{"line":26,"column":55}},"line":26},"2":{"name":"onDelivered","decl":{"start":{"line":28,"column":9},"end":{"line":28,"column":20}},"loc":{"start":{"line":28,"column":29},"end":{"line":30,"column":1}},"line":28}},"branchMap":{},"s":{"0":1,"1":1,"2":1,"3":1,"4":1,"5":1,"6":1,"7":1,"8":1,"9":1,"10":1,"11":1,"12":1,"13":1},"f":{"0":1,"1":1,"2":1},"b":{},"_coverageSchema":"1a1c01bbd47fc00a2c39e90264f33305004495a9","hash":"770b331d5d440d3c7eba9b03594700bdfecb04e1"}
,"/home/bromero/codefellows/401/CFPS/lib/events.js": {"path":"/home/bromero/codefellows/401/CFPS/lib/events.js","statementMap":{"0":{"start":{"line":3,"column":11},"end":{"line":3,"column":28}},"1":{"start":{"line":9,"column":15},"end":{"line":9,"column":23}},"2":{"start":{"line":11,"column":0},"end":{"line":11,"column":24}}},"fnMap":{},"branchMap":{},"s":{"0":1,"1":1,"2":1},"f":{},"b":{},"_coverageSchema":"1a1c01bbd47fc00a2c39e90264f33305004495a9","hash":"e4d14fe579b6a538b186cde6b08aa5bab53514ec"}
}
